(in C:/projects/doma33)
(in C:/projects/doma33)
(in C:/projects/doma33)
(in C:/projects/doma33)
(in C:/projects/doma33)
(in C:/projects/doma33)
** Invoke parse:irr (first_time)
** Invoke environment (first_time)
** Execute environment
(in C:/projects/doma33)
** Invoke parse:irr (first_time)
** Invoke environment (first_time)
** Execute environment
(in C:/projects/doma33)
** Invoke parse:irr (first_time)
** Invoke environment (first_time)
** Execute environment
** Execute parse:irr
Parsing page 1
Сдаю 1-комнатную квартиру на Суздальском проспекте. Ремонт. Стеклопакеты. Кабельное. В доме магазин. Остановка рядом. Посуточно. Без посредников.    Тел.: 8-910-187-36-97
Квартира в новом доме после ремонта. С/у в кафеле новая сантехника. Новый кух. гарнитур, стеклопакеты, кухонный уголок, (стиральная машина, ТВ, холодильник, СВЧ печь) гардеробная квартира очень чистая. 10 000 за все (т.е ком.усл. уже включены)
Квартира в новом доме после ремонта. С/у в кафеле новая сантехника. Новый кух. гарнитур, стеклопакеты, кухонный уголок, (стиральная машина, ТВ, холодильник, СВЧ печь) гардеробная квартира очень чистая. 10 000 за все (т.е ком.усл. уже включены)
Квартира в отл. состояние после ремонта новые межкомнатные двери, стеклопакеты, новая мебель. Квартира очень чистая и уютная, до остановки 3 мин.
Молодая девушка срочно снимет комнату или однокомнатную квартиру в Ленинском районе с мебелью недорого на длительный срок. Либо комнату в 2-х комнатной квартире с хозяйкой. Рассмотрю все варианты.
3х комн.кв. элит-класса,евроремонт,мебель,вся бытовая техника,на длит.срок сдаю порядочным,платежеспособным людям! 25000 +к.у.
Собственник сдаёт квартиру улучшенной планировки на ул. Соколова-Соколёнка, д.6б.
Центр. 2-комн. кв-ру, 57,7 кв. м, мебелиров, с/у, ТВ, мет. дверь, холодильник, сдаю.
Сниму 2х комн.кв. в любом районе города. Чистоту и своевременную оплату гарантирую!
Сниму 1комн.кв. в любом районе города. Чистоту и своевременную оплату гарантирую!
Сдаю комнату,после ремонта,мебель,телевизор.Проживание с хорошей хозяйкой. Не на длит.срок. не более 3х месяцев!
Малосемейку в среднем состоянии,част.мебел.,сдаю.
Достойная квартира с новой мебелью, после ремонта.
Часть дома 2комнаты +кухня,в хорошем состоянии,част.мебель(кровать,стенка,холодильник),газ.отопление,сдаю порядочным людям на длит.срок. 4000+к.у.
Сдаю 3х комн.кв.,ул.план., после косм.ремонта,без мебели. 10000+к.у.
Сдаю 3х комн.кв.,ул.план.,без мебели,после косм.ремонта,порядочным людям на длит.срок. 9000 +к.у.
Сдаю 1 комн.кв.,мебель,холодильник,телевизор,порядочным людям на длит.срок. 7000+к.у.
Сдаю 2х комн.кв., после косм.ремонта,соврем.мебель,2х кам.холодильник,окна ПВХ,порядочным людям на длит.срок. 9000+к.у.
2х комн.квартиру ул.план., в отл.сост.,окна ПВХ,совр.мебель,бытовая техника,сдаю порядочным людям на длит.срок, 10000+к.у.
квартира после ремонта в отличном состояние ламинат, вся бытовая техника новая (ТВ, стирральная машина, холодильник, музыкальный центр)  и новая мебель
